{"/home/haneen/basic-api-server-new/src/server.js": {"path":"/home/haneen/basic-api-server-new/src/server.js","statementMap":{"0":{"start":{"line":2,"column":16},"end":{"line":2,"column":34}},"1":{"start":{"line":3,"column":15},"end":{"line":3,"column":32}},"2":{"start":{"line":4,"column":13},"end":{"line":4,"column":28}},"3":{"start":{"line":7,"column":20},"end":{"line":7,"column":50}},"4":{"start":{"line":8,"column":19},"end":{"line":8,"column":46}},"5":{"start":{"line":10,"column":23},"end":{"line":10,"column":57}},"6":{"start":{"line":11,"column":21},"end":{"line":11,"column":55}},"7":{"start":{"line":13,"column":12},"end":{"line":13,"column":21}},"8":{"start":{"line":15,"column":0},"end":{"line":15,"column":24}},"9":{"start":{"line":16,"column":0},"end":{"line":16,"column":23}},"10":{"start":{"line":17,"column":0},"end":{"line":17,"column":16}},"11":{"start":{"line":18,"column":0},"end":{"line":18,"column":39}},"12":{"start":{"line":19,"column":0},"end":{"line":19,"column":37}},"13":{"start":{"line":22,"column":4},"end":{"line":22,"column":28}},"14":{"start":{"line":25,"column":0},"end":{"line":25,"column":26}},"15":{"start":{"line":28,"column":0},"end":{"line":28,"column":29}},"16":{"start":{"line":29,"column":0},"end":{"line":29,"column":22}},"17":{"start":{"line":31,"column":0},"end":{"line":38,"column":2}},"18":{"start":{"line":35,"column":21},"end":{"line":35,"column":33}},"19":{"start":{"line":36,"column":8},"end":{"line":36,"column":68}},"20":{"start":{"line":36,"column":31},"end":{"line":36,"column":66}}},"fnMap":{"0":{"name":"homeHandler","decl":{"start":{"line":21,"column":9},"end":{"line":21,"column":20}},"loc":{"start":{"line":21,"column":31},"end":{"line":23,"column":1}},"line":21},"1":{"name":"(anonymous_1)","decl":{"start":{"line":34,"column":11},"end":{"line":34,"column":12}},"loc":{"start":{"line":34,"column":21},"end":{"line":37,"column":5}},"line":34},"2":{"name":"(anonymous_2)","decl":{"start":{"line":36,"column":25},"end":{"line":36,"column":26}},"loc":{"start":{"line":36,"column":31},"end":{"line":36,"column":66}},"line":36}},"branchMap":{"0":{"loc":{"start":{"line":35,"column":21},"end":{"line":35,"column":33}},"type":"binary-expr","locations":[{"start":{"line":35,"column":21},"end":{"line":35,"column":25}},{"start":{"line":35,"column":29},"end":{"line":35,"column":33}}],"line":35}},"s":{"0":1,"1":1,"2":1,"3":1,"4":1,"5":1,"6":1,"7":1,"8":1,"9":1,"10":1,"11":1,"12":1,"13":0,"14":1,"15":1,"16":1,"17":1,"18":0,"19":0,"20":0},"f":{"0":0,"1":0,"2":0},"b":{"0":[0,0]},"_coverageSchema":"1a1c01bbd47fc00a2c39e90264f33305004495a9","hash":"0b24890d746555a94b8b7682728627047f7df5cc"}
,"/home/haneen/basic-api-server-new/src/error-handlers/404.js": {"path":"/home/haneen/basic-api-server-new/src/error-handlers/404.js","statementMap":{"0":{"start":{"line":3,"column":0},"end":{"line":9,"column":2}},"1":{"start":{"line":4,"column":2},"end":{"line":4,"column":18}},"2":{"start":{"line":5,"column":2},"end":{"line":8,"column":5}}},"fnMap":{"0":{"name":"(anonymous_0)","decl":{"start":{"line":3,"column":17},"end":{"line":3,"column":18}},"loc":{"start":{"line":3,"column":31},"end":{"line":9,"column":1}},"line":3}},"branchMap":{},"s":{"0":1,"1":4,"2":4},"f":{"0":4},"b":{},"_coverageSchema":"1a1c01bbd47fc00a2c39e90264f33305004495a9","hash":"f42aee5214d63dfe1c1723564d1fb9dd7ae68ded"}
,"/home/haneen/basic-api-server-new/src/error-handlers/500.js": {"path":"/home/haneen/basic-api-server-new/src/error-handlers/500.js","statementMap":{"0":{"start":{"line":3,"column":0},"end":{"line":9,"column":2}},"1":{"start":{"line":4,"column":2},"end":{"line":4,"column":18}},"2":{"start":{"line":5,"column":2},"end":{"line":8,"column":5}}},"fnMap":{"0":{"name":"(anonymous_0)","decl":{"start":{"line":3,"column":17},"end":{"line":3,"column":18}},"loc":{"start":{"line":3,"column":42},"end":{"line":9,"column":1}},"line":3}},"branchMap":{},"s":{"0":1,"1":0,"2":0},"f":{"0":0},"b":{},"_coverageSchema":"1a1c01bbd47fc00a2c39e90264f33305004495a9","hash":"6b1ee8e9d5ded9cc9edc29a86789647320f9f81a"}
,"/home/haneen/basic-api-server-new/src/middleware/logger.js": {"path":"/home/haneen/basic-api-server-new/src/middleware/logger.js","statementMap":{"0":{"start":{"line":4,"column":0},"end":{"line":8,"column":3}},"1":{"start":{"line":6,"column":4},"end":{"line":6,"column":53}},"2":{"start":{"line":7,"column":4},"end":{"line":7,"column":11}}},"fnMap":{"0":{"name":"(anonymous_0)","decl":{"start":{"line":4,"column":18},"end":{"line":4,"column":19}},"loc":{"start":{"line":5,"column":0},"end":{"line":8,"column":1}},"line":5}},"branchMap":{},"s":{"0":1,"1":1,"2":1},"f":{"0":1},"b":{},"_coverageSchema":"1a1c01bbd47fc00a2c39e90264f33305004495a9","hash":"17aaadb9f4b9ecde5564bef093974d39cffc37c4"}
,"/home/haneen/basic-api-server-new/src/middleware/validator.js": {"path":"/home/haneen/basic-api-server-new/src/middleware/validator.js","statementMap":{"0":{"start":{"line":4,"column":0},"end":{"line":10,"column":3}},"1":{"start":{"line":5,"column":3},"end":{"line":9,"column":4}},"2":{"start":{"line":6,"column":5},"end":{"line":6,"column":24}},"3":{"start":{"line":8,"column":5},"end":{"line":8,"column":12}}},"fnMap":{"0":{"name":"(anonymous_0)","decl":{"start":{"line":4,"column":17},"end":{"line":4,"column":18}},"loc":{"start":{"line":4,"column":37},"end":{"line":10,"column":2}},"line":4}},"branchMap":{"0":{"loc":{"start":{"line":5,"column":3},"end":{"line":9,"column":4}},"type":"if","locations":[{"start":{"line":5,"column":3},"end":{"line":9,"column":4}},{"start":{"line":5,"column":3},"end":{"line":9,"column":4}}],"line":5}},"s":{"0":1,"1":4,"2":0,"3":4},"f":{"0":4},"b":{"0":[0,4]},"_coverageSchema":"1a1c01bbd47fc00a2c39e90264f33305004495a9","hash":"4d28eb8bb9fd181c9ec1a2ed1ff78db227cda57d"}
,"/home/haneen/basic-api-server-new/src/models/clothes.js": {"path":"/home/haneen/basic-api-server-new/src/models/clothes.js","statementMap":{"0":{"start":{"line":1,"column":13},"end":{"line":1,"column":31}},"1":{"start":{"line":4,"column":4},"end":{"line":4,"column":17}},"2":{"start":{"line":8,"column":19},"end":{"line":11,"column":5}},"3":{"start":{"line":12,"column":4},"end":{"line":12,"column":25}},"4":{"start":{"line":13,"column":4},"end":{"line":13,"column":18}},"5":{"start":{"line":16,"column":4},"end":{"line":20,"column":5}},"6":{"start":{"line":17,"column":6},"end":{"line":17,"column":56}},"7":{"start":{"line":17,"column":38},"end":{"line":17,"column":54}},"8":{"start":{"line":19,"column":6},"end":{"line":19,"column":21}},"9":{"start":{"line":23,"column":4},"end":{"line":28,"column":5}},"10":{"start":{"line":23,"column":17},"end":{"line":23,"column":18}},"11":{"start":{"line":24,"column":6},"end":{"line":27,"column":7}},"12":{"start":{"line":25,"column":8},"end":{"line":25,"column":30}},"13":{"start":{"line":26,"column":8},"end":{"line":26,"column":26}},"14":{"start":{"line":31,"column":4},"end":{"line":31,"column":61}},"15":{"start":{"line":31,"column":42},"end":{"line":31,"column":59}},"16":{"start":{"line":32,"column":4},"end":{"line":32,"column":19}},"17":{"start":{"line":36,"column":0},"end":{"line":36,"column":23}}},"fnMap":{"0":{"name":"(anonymous_0)","decl":{"start":{"line":3,"column":2},"end":{"line":3,"column":3}},"loc":{"start":{"line":3,"column":16},"end":{"line":6,"column":3}},"line":3},"1":{"name":"(anonymous_1)","decl":{"start":{"line":7,"column":2},"end":{"line":7,"column":3}},"loc":{"start":{"line":7,"column":14},"end":{"line":14,"column":3}},"line":7},"2":{"name":"(anonymous_2)","decl":{"start":{"line":15,"column":2},"end":{"line":15,"column":3}},"loc":{"start":{"line":15,"column":11},"end":{"line":21,"column":3}},"line":15},"3":{"name":"(anonymous_3)","decl":{"start":{"line":17,"column":26},"end":{"line":17,"column":27}},"loc":{"start":{"line":17,"column":38},"end":{"line":17,"column":54}},"line":17},"4":{"name":"(anonymous_4)","decl":{"start":{"line":22,"column":2},"end":{"line":22,"column":3}},"loc":{"start":{"line":22,"column":18},"end":{"line":29,"column":3}},"line":22},"5":{"name":"(anonymous_5)","decl":{"start":{"line":30,"column":2},"end":{"line":30,"column":3}},"loc":{"start":{"line":30,"column":13},"end":{"line":33,"column":3}},"line":30},"6":{"name":"(anonymous_6)","decl":{"start":{"line":31,"column":29},"end":{"line":31,"column":30}},"loc":{"start":{"line":31,"column":42},"end":{"line":31,"column":59}},"line":31}},"branchMap":{"0":{"loc":{"start":{"line":16,"column":4},"end":{"line":20,"column":5}},"type":"if","locations":[{"start":{"line":16,"column":4},"end":{"line":20,"column":5}},{"start":{"line":16,"column":4},"end":{"line":20,"column":5}}],"line":16},"1":{"loc":{"start":{"line":24,"column":6},"end":{"line":27,"column":7}},"type":"if","locations":[{"start":{"line":24,"column":6},"end":{"line":27,"column":7}},{"start":{"line":24,"column":6},"end":{"line":27,"column":7}}],"line":24}},"s":{"0":1,"1":1,"2":1,"3":1,"4":1,"5":2,"6":1,"7":1,"8":1,"9":1,"10":1,"11":1,"12":1,"13":1,"14":0,"15":0,"16":0,"17":1},"f":{"0":1,"1":1,"2":2,"3":1,"4":1,"5":0,"6":0},"b":{"0":[1,1],"1":[1,0]},"_coverageSchema":"1a1c01bbd47fc00a2c39e90264f33305004495a9","hash":"031fd89f67bb1f6dc9717de4214e1e1d67f3db3b"}
,"/home/haneen/basic-api-server-new/src/models/food.js": {"path":"/home/haneen/basic-api-server-new/src/models/food.js","statementMap":{"0":{"start":{"line":1,"column":13},"end":{"line":1,"column":31}},"1":{"start":{"line":4,"column":4},"end":{"line":4,"column":17}},"2":{"start":{"line":8,"column":19},"end":{"line":11,"column":5}},"3":{"start":{"line":12,"column":4},"end":{"line":12,"column":25}},"4":{"start":{"line":13,"column":4},"end":{"line":13,"column":18}},"5":{"start":{"line":16,"column":4},"end":{"line":20,"column":5}},"6":{"start":{"line":17,"column":6},"end":{"line":17,"column":56}},"7":{"start":{"line":17,"column":38},"end":{"line":17,"column":54}},"8":{"start":{"line":19,"column":6},"end":{"line":19,"column":21}},"9":{"start":{"line":23,"column":4},"end":{"line":28,"column":5}},"10":{"start":{"line":23,"column":17},"end":{"line":23,"column":18}},"11":{"start":{"line":24,"column":6},"end":{"line":27,"column":7}},"12":{"start":{"line":25,"column":8},"end":{"line":25,"column":30}},"13":{"start":{"line":26,"column":8},"end":{"line":26,"column":26}},"14":{"start":{"line":31,"column":4},"end":{"line":31,"column":55}},"15":{"start":{"line":31,"column":39},"end":{"line":31,"column":53}},"16":{"start":{"line":32,"column":4},"end":{"line":32,"column":19}},"17":{"start":{"line":36,"column":0},"end":{"line":36,"column":22}}},"fnMap":{"0":{"name":"(anonymous_0)","decl":{"start":{"line":3,"column":2},"end":{"line":3,"column":3}},"loc":{"start":{"line":3,"column":16},"end":{"line":6,"column":3}},"line":3},"1":{"name":"(anonymous_1)","decl":{"start":{"line":7,"column":2},"end":{"line":7,"column":3}},"loc":{"start":{"line":7,"column":14},"end":{"line":14,"column":3}},"line":7},"2":{"name":"(anonymous_2)","decl":{"start":{"line":15,"column":2},"end":{"line":15,"column":3}},"loc":{"start":{"line":15,"column":11},"end":{"line":21,"column":3}},"line":15},"3":{"name":"(anonymous_3)","decl":{"start":{"line":17,"column":26},"end":{"line":17,"column":27}},"loc":{"start":{"line":17,"column":38},"end":{"line":17,"column":54}},"line":17},"4":{"name":"(anonymous_4)","decl":{"start":{"line":22,"column":2},"end":{"line":22,"column":3}},"loc":{"start":{"line":22,"column":18},"end":{"line":29,"column":3}},"line":22},"5":{"name":"(anonymous_5)","decl":{"start":{"line":30,"column":2},"end":{"line":30,"column":3}},"loc":{"start":{"line":30,"column":13},"end":{"line":33,"column":3}},"line":30},"6":{"name":"(anonymous_6)","decl":{"start":{"line":31,"column":29},"end":{"line":31,"column":30}},"loc":{"start":{"line":31,"column":39},"end":{"line":31,"column":53}},"line":31}},"branchMap":{"0":{"loc":{"start":{"line":16,"column":4},"end":{"line":20,"column":5}},"type":"if","locations":[{"start":{"line":16,"column":4},"end":{"line":20,"column":5}},{"start":{"line":16,"column":4},"end":{"line":20,"column":5}}],"line":16},"1":{"loc":{"start":{"line":24,"column":6},"end":{"line":27,"column":7}},"type":"if","locations":[{"start":{"line":24,"column":6},"end":{"line":27,"column":7}},{"start":{"line":24,"column":6},"end":{"line":27,"column":7}}],"line":24}},"s":{"0":1,"1":1,"2":1,"3":1,"4":1,"5":2,"6":1,"7":1,"8":1,"9":1,"10":1,"11":1,"12":1,"13":1,"14":0,"15":0,"16":0,"17":1},"f":{"0":1,"1":1,"2":2,"3":1,"4":1,"5":0,"6":0},"b":{"0":[1,1],"1":[1,0]},"_coverageSchema":"1a1c01bbd47fc00a2c39e90264f33305004495a9","hash":"c51b3f3ab40886d40c327b41e6d9e29bfa667697"}
,"/home/haneen/basic-api-server-new/src/routes/clothes.js": {"path":"/home/haneen/basic-api-server-new/src/routes/clothes.js","statementMap":{"0":{"start":{"line":2,"column":16},"end":{"line":2,"column":34}},"1":{"start":{"line":3,"column":18},"end":{"line":3,"column":52}},"2":{"start":{"line":4,"column":14},"end":{"line":4,"column":42}},"3":{"start":{"line":5,"column":14},"end":{"line":5,"column":25}},"4":{"start":{"line":6,"column":15},"end":{"line":6,"column":31}},"5":{"start":{"line":9,"column":0},"end":{"line":9,"column":28}},"6":{"start":{"line":10,"column":0},"end":{"line":10,"column":46}},"7":{"start":{"line":11,"column":0},"end":{"line":11,"column":31}},"8":{"start":{"line":12,"column":0},"end":{"line":12,"column":45}},"9":{"start":{"line":13,"column":0},"end":{"line":13,"column":48}},"10":{"start":{"line":16,"column":17},"end":{"line":16,"column":29}},"11":{"start":{"line":17,"column":2},"end":{"line":17,"column":19}},"12":{"start":{"line":21,"column":17},"end":{"line":21,"column":42}},"13":{"start":{"line":22,"column":2},"end":{"line":22,"column":19}},"14":{"start":{"line":26,"column":24},"end":{"line":26,"column":32}},"15":{"start":{"line":27,"column":17},"end":{"line":27,"column":44}},"16":{"start":{"line":28,"column":2},"end":{"line":28,"column":31}},"17":{"start":{"line":32,"column":24},"end":{"line":32,"column":32}},"18":{"start":{"line":33,"column":17},"end":{"line":33,"column":59}},"19":{"start":{"line":34,"column":2},"end":{"line":34,"column":19}},"20":{"start":{"line":38,"column":17},"end":{"line":38,"column":44}},"21":{"start":{"line":39,"column":2},"end":{"line":39,"column":19}},"22":{"start":{"line":42,"column":0},"end":{"line":42,"column":24}}},"fnMap":{"0":{"name":"getclothes","decl":{"start":{"line":15,"column":9},"end":{"line":15,"column":19}},"loc":{"start":{"line":15,"column":30},"end":{"line":18,"column":1}},"line":15},"1":{"name":"getclothesById","decl":{"start":{"line":20,"column":9},"end":{"line":20,"column":23}},"loc":{"start":{"line":20,"column":34},"end":{"line":23,"column":1}},"line":20},"2":{"name":"createclotes","decl":{"start":{"line":25,"column":9},"end":{"line":25,"column":21}},"loc":{"start":{"line":25,"column":32},"end":{"line":29,"column":1}},"line":25},"3":{"name":"updateclothes","decl":{"start":{"line":31,"column":9},"end":{"line":31,"column":22}},"loc":{"start":{"line":31,"column":33},"end":{"line":35,"column":1}},"line":31},"4":{"name":"deleteclothes","decl":{"start":{"line":37,"column":9},"end":{"line":37,"column":22}},"loc":{"start":{"line":37,"column":33},"end":{"line":40,"column":1}},"line":37}},"branchMap":{},"s":{"0":1,"1":1,"2":1,"3":1,"4":1,"5":1,"6":1,"7":1,"8":1,"9":1,"10":1,"11":1,"12":1,"13":1,"14":1,"15":1,"16":1,"17":1,"18":1,"19":1,"20":0,"21":0,"22":1},"f":{"0":1,"1":1,"2":1,"3":1,"4":0},"b":{},"_coverageSchema":"1a1c01bbd47fc00a2c39e90264f33305004495a9","hash":"caa8a3da2d3fbdf7bab67219b3de086cd83d0158"}
,"/home/haneen/basic-api-server-new/src/routes/food.js": {"path":"/home/haneen/basic-api-server-new/src/routes/food.js","statementMap":{"0":{"start":{"line":2,"column":16},"end":{"line":2,"column":34}},"1":{"start":{"line":3,"column":18},"end":{"line":3,"column":52}},"2":{"start":{"line":4,"column":13},"end":{"line":4,"column":38}},"3":{"start":{"line":5,"column":13},"end":{"line":5,"column":23}},"4":{"start":{"line":6,"column":15},"end":{"line":6,"column":31}},"5":{"start":{"line":8,"column":0},"end":{"line":8,"column":25}},"6":{"start":{"line":9,"column":0},"end":{"line":9,"column":43}},"7":{"start":{"line":10,"column":0},"end":{"line":10,"column":29}},"8":{"start":{"line":11,"column":0},"end":{"line":11,"column":42}},"9":{"start":{"line":12,"column":0},"end":{"line":12,"column":45}},"10":{"start":{"line":15,"column":17},"end":{"line":15,"column":28}},"11":{"start":{"line":16,"column":2},"end":{"line":16,"column":19}},"12":{"start":{"line":20,"column":17},"end":{"line":20,"column":41}},"13":{"start":{"line":21,"column":2},"end":{"line":21,"column":19}},"14":{"start":{"line":25,"column":23},"end":{"line":25,"column":31}},"15":{"start":{"line":26,"column":17},"end":{"line":26,"column":42}},"16":{"start":{"line":27,"column":2},"end":{"line":27,"column":31}},"17":{"start":{"line":31,"column":23},"end":{"line":31,"column":31}},"18":{"start":{"line":32,"column":17},"end":{"line":32,"column":57}},"19":{"start":{"line":33,"column":2},"end":{"line":33,"column":19}},"20":{"start":{"line":37,"column":17},"end":{"line":37,"column":43}},"21":{"start":{"line":38,"column":2},"end":{"line":38,"column":19}},"22":{"start":{"line":41,"column":0},"end":{"line":41,"column":24}}},"fnMap":{"0":{"name":"getfood","decl":{"start":{"line":14,"column":9},"end":{"line":14,"column":16}},"loc":{"start":{"line":14,"column":27},"end":{"line":17,"column":1}},"line":14},"1":{"name":"getfoodById","decl":{"start":{"line":19,"column":9},"end":{"line":19,"column":20}},"loc":{"start":{"line":19,"column":31},"end":{"line":22,"column":1}},"line":19},"2":{"name":"createfood","decl":{"start":{"line":24,"column":9},"end":{"line":24,"column":19}},"loc":{"start":{"line":24,"column":30},"end":{"line":28,"column":1}},"line":24},"3":{"name":"updatefood","decl":{"start":{"line":30,"column":9},"end":{"line":30,"column":19}},"loc":{"start":{"line":30,"column":30},"end":{"line":34,"column":1}},"line":30},"4":{"name":"deletefood","decl":{"start":{"line":36,"column":9},"end":{"line":36,"column":19}},"loc":{"start":{"line":36,"column":30},"end":{"line":39,"column":1}},"line":36}},"branchMap":{},"s":{"0":1,"1":1,"2":1,"3":1,"4":1,"5":1,"6":1,"7":1,"8":1,"9":1,"10":1,"11":1,"12":1,"13":1,"14":1,"15":1,"16":1,"17":1,"18":1,"19":1,"20":0,"21":0,"22":1},"f":{"0":1,"1":1,"2":1,"3":1,"4":0},"b":{},"_coverageSchema":"1a1c01bbd47fc00a2c39e90264f33305004495a9","hash":"ac41def5f001dbd3ff9e9687f7e040fa32782ea1"}
}
