TN:
SF:src/server.js
FN:21,homeHandler
FN:34,(anonymous_1)
FN:36,(anonymous_2)
FNF:3
FNH:0
FNDA:0,homeHandler
FNDA:0,(anonymous_1)
FNDA:0,(anonymous_2)
DA:2,1
DA:3,1
DA:4,1
DA:7,1
DA:8,1
DA:10,1
DA:11,1
DA:13,1
DA:15,1
DA:16,1
DA:17,1
DA:18,1
DA:19,1
DA:22,0
DA:25,1
DA:28,1
DA:29,1
DA:31,1
DA:35,0
DA:36,0
LF:20
LH:17
BRDA:35,0,0,0
BRDA:35,0,1,0
BRF:2
BRH:0
end_of_record
TN:
SF:src/error-handlers/404.js
FN:3,(anonymous_0)
FNF:1
FNH:1
FNDA:4,(anonymous_0)
DA:3,1
DA:4,4
DA:5,4
LF:3
LH:3
BRF:0
BRH:0
end_of_record
TN:
SF:src/error-handlers/500.js
FN:3,(anonymous_0)
FNF:1
FNH:0
FNDA:0,(anonymous_0)
DA:3,1
DA:4,0
DA:5,0
LF:3
LH:1
BRF:0
BRH:0
end_of_record
TN:
SF:src/middleware/logger.js
FN:4,(anonymous_0)
FNF:1
FNH:1
FNDA:1,(anonymous_0)
DA:4,1
DA:6,1
DA:7,1
LF:3
LH:3
BRF:0
BRH:0
end_of_record
TN:
SF:src/middleware/validator.js
FN:4,(anonymous_0)
FNF:1
FNH:1
FNDA:4,(anonymous_0)
DA:4,1
DA:5,4
DA:6,0
DA:8,4
LF:4
LH:3
BRDA:5,0,0,0
BRDA:5,0,1,4
BRF:2
BRH:1
end_of_record
TN:
SF:src/models/clothes.js
FN:3,(anonymous_0)
FN:7,(anonymous_1)
FN:15,(anonymous_2)
FN:17,(anonymous_3)
FN:22,(anonymous_4)
FN:30,(anonymous_5)
FN:31,(anonymous_6)
FNF:7
FNH:5
FNDA:1,(anonymous_0)
FNDA:1,(anonymous_1)
FNDA:2,(anonymous_2)
FNDA:1,(anonymous_3)
FNDA:1,(anonymous_4)
FNDA:0,(anonymous_5)
FNDA:0,(anonymous_6)
DA:1,1
DA:4,1
DA:8,1
DA:12,1
DA:13,1
DA:16,2
DA:17,1
DA:19,1
DA:23,1
DA:24,1
DA:25,1
DA:26,1
DA:31,0
DA:32,0
DA:36,1
LF:15
LH:13
BRDA:16,0,0,1
BRDA:16,0,1,1
BRDA:24,1,0,1
BRDA:24,1,1,0
BRF:4
BRH:3
end_of_record
TN:
SF:src/models/food.js
FN:3,(anonymous_0)
FN:7,(anonymous_1)
FN:15,(anonymous_2)
FN:17,(anonymous_3)
FN:22,(anonymous_4)
FN:30,(anonymous_5)
FN:31,(anonymous_6)
FNF:7
FNH:5
FNDA:1,(anonymous_0)
FNDA:1,(anonymous_1)
FNDA:2,(anonymous_2)
FNDA:1,(anonymous_3)
FNDA:1,(anonymous_4)
FNDA:0,(anonymous_5)
FNDA:0,(anonymous_6)
DA:1,1
DA:4,1
DA:8,1
DA:12,1
DA:13,1
DA:16,2
DA:17,1
DA:19,1
DA:23,1
DA:24,1
DA:25,1
DA:26,1
DA:31,0
DA:32,0
DA:36,1
LF:15
LH:13
BRDA:16,0,0,1
BRDA:16,0,1,1
BRDA:24,1,0,1
BRDA:24,1,1,0
BRF:4
BRH:3
end_of_record
TN:
SF:src/routes/clothes.js
FN:15,getclothes
FN:20,getclothesById
FN:25,createclotes
FN:31,updateclothes
FN:37,deleteclothes
FNF:5
FNH:4
FNDA:1,getclothes
FNDA:1,getclothesById
FNDA:1,createclotes
FNDA:1,updateclothes
FNDA:0,deleteclothes
DA:2,1
DA:3,1
DA:4,1
DA:5,1
DA:6,1
DA:9,1
DA:10,1
DA:11,1
DA:12,1
DA:13,1
DA:16,1
DA:17,1
DA:21,1
DA:22,1
DA:26,1
DA:27,1
DA:28,1
DA:32,1
DA:33,1
DA:34,1
DA:38,0
DA:39,0
DA:42,1
LF:23
LH:21
BRF:0
BRH:0
end_of_record
TN:
SF:src/routes/food.js
FN:14,getfood
FN:19,getfoodById
FN:24,createfood
FN:30,updatefood
FN:36,deletefood
FNF:5
FNH:4
FNDA:1,getfood
FNDA:1,getfoodById
FNDA:1,createfood
FNDA:1,updatefood
FNDA:0,deletefood
DA:2,1
DA:3,1
DA:4,1
DA:5,1
DA:6,1
DA:8,1
DA:9,1
DA:10,1
DA:11,1
DA:12,1
DA:15,1
DA:16,1
DA:20,1
DA:21,1
DA:25,1
DA:26,1
DA:27,1
DA:31,1
DA:32,1
DA:33,1
DA:37,0
DA:38,0
DA:41,1
LF:23
LH:21
BRF:0
BRH:0
end_of_record
